   1       "ea-y+m"   24   38.064331  27.048943  33.841919
   2      "ey-w+ae"   23  100.013878  84.594429 162.293961
   3      "aa-ae+k"   18  215.443451  99.860062  84.199783
   4      "aa-ae+m"   24  416.446503  78.624870  51.385735
   5     "oa-m+sil"   24  173.525513  59.443855  68.424156
   6    "am-ng+sil"   36  107.792717  63.224716  61.779037
   7     "ah-n+sil"   12  109.416992  35.238590  38.449383
   8      "iy-d+ah"   12   43.749352  40.283684  35.928078
   9      "ch-k+ae"   12   38.701118  29.645393  40.706543
  10      "ch-k+ah"   12   86.357162  33.950279  50.845436
  11      "ch-k+ue"   12   42.832825  33.640785  39.590267
  12       "c-ah+m"   24  214.092392  64.783371  45.718140
  13       "c-ah+n"   12   52.429783  38.436230  25.007772
  14    "d-aow+sil"   12  172.138702  60.297562  38.570053
  15      "ch-aa+b"   12   36.509056  26.260427  14.344848
  16       "uh-n+c"   12   79.417587  35.738350  42.756027
  17       "uh-n+k"   12   60.798107  23.607141  21.950470
  18       "uh-n+p"   12   55.783859  26.164268  25.924246
  19      "k-ae+ch"   12  109.202286  38.869720  39.218571
  20      "ae-k+aa"   24  108.168144  56.154781  66.324654
  21       "s-r+ow"   12   26.540777  25.763716  66.572777
  22       "s-r+uw"   12   31.173784  36.103878 168.163895
  23      "ng-m+iy"   12   38.825962  50.319321  37.914169
  24        "k-k+r"   12   23.349972  26.024240  24.816561
  25      "ae-k+oh"   12   48.119095  37.977581  24.792675
  26       "k-s+ah"   12  131.049179  38.791344  28.383482
  27       "k-s+ea"   12  126.647652  33.668629  22.011179
  28       "k-s+ey"   12  109.343529  42.829399 113.034714
  29     "th-ng+ay"  120  231.766708 199.819168 431.562195
  30     "ih-hh+ea"   24   37.518147  47.309097  58.190617
  31     "ueh-w+ea"   12   50.190918  27.414654  25.518232
  32       "m-b+ie"   12   43.470791  49.274223  30.951979
  33       "k-s+ue"   12   95.797180  42.175358  31.936453
  34      "aa-t+aa"   24   98.450684  51.293976  33.912510
  35      "r-ae+ng"   24  272.947388 100.641861  68.612976
  36     "aa-b+sil"   36   60.617615  62.374580  74.346252
  37     "n-ea+sil"   12  197.065231  90.589676  80.661972
  38       "c-t+eo"   12  101.808952  32.374550  23.748493
  39      "oh-r+aa"   12   35.780994  53.590958 119.752060
  40     "sil-ph+d"   47   95.374100  98.063538 112.799385
  41     "sil-ph+l"   12   37.010155  60.667355  26.907427
  42     "sil-ph+n"   24   89.658928 100.192169 108.943069
  43     "r-ay+sil"   12   80.711823 124.053162  74.305809
  44     "aak-k+ih"   24  118.900497  66.897583  71.122925
  45        "k-s+b"   12   79.714447  23.249430  21.848377
  46        "k-s+r"   12   98.609138  28.752611  18.712149
  47       "b-p+ey"   12   17.514894  18.216539  93.331001
  48       "b-p+iy"   12   33.329239  40.988712  39.599827
  49      "am-b+ey"   24   65.131042 106.349747 286.158356
  50       "n-um+p"   24  139.436737  69.303574 121.969063
  51      "ng-ch+n"   24  236.002426  64.067825  40.843269
  52      "am-b+ue"   24   62.827034  50.164062  61.979973
  53       "m-s+eh"   36  311.896088 112.853989  80.367348
  54       "t-n+uw"   12   58.758270  31.337856  48.262985
  55     "sil-r+aa"   12   53.013180  41.569565  38.221188
  56       "m-s+ie"   12  117.459007  41.966579  28.760885
  57     "sil-r+ea"   24  209.857559  65.365273  56.057880
  58     "l-ae+sil"   12  275.526123  52.415344  70.132057
  59     "sil-r+oa"   72  374.942413 184.593948 274.562439
  60       "k-ih+r"   48  174.954254 114.999092  86.327263
  61      "n-aie+k"   12   62.686024  44.221249  25.172237
  62      "ea-r+iy"   12   32.197731  30.663826  56.535740
  63    "sil-c+ouh"   12   50.760590  37.249027  42.028881
  64       "l-ea+k"   60  255.500885 202.144913 124.821777
  65       "r-ue+s"   12   35.320068  19.239214  12.771460
  66       "oa-n+d"   24   90.369812  37.671658  45.939598
  67      "am-s+ah"   11   89.958847  34.286766  25.475245
  68      "b-aa+gn"   36   83.907326  79.547737  88.371300
  69       "m-ie+s"   12   21.596748  63.739090  49.573795
  70      "b-aa+ng"   24   27.730703  43.222504 412.366669
  71    "sil-ch+oa"   12  122.156075  41.880653  61.123829
  72     "ea-m+sil"   24  219.634979  61.894360  61.116455
  73     "b-ey+sil"   36  455.121246 219.824417 160.668198
  74       "k-aa+d"   12   20.043530  16.680836  22.867870
  75       "k-aa+k"   12   52.487995  17.252817  24.722902
  76       "k-aa+n"   24   64.761314  35.986115  37.468685
  77       "k-aa+r"   12   12.784941  16.637854 183.860901
  78      "uw-t+er"   12   34.072720  38.045563  22.575569
  79      "s-aa+ae"   18   25.597471  26.745119  53.760326
  80      "m-oa+hh"   59  166.318512 146.659424 226.872086
  81      "s-aa+ow"   12   17.013958  12.482109  44.295349
  82       "r-uh+n"   48   88.827278  58.511211  74.513115
  83      "s-aa+ph"   12   18.492792  15.400072  19.732975
  84     "c-ouh+ch"   12   69.252617 176.348267  47.728783
  85     "ue-y+sil"   60  230.010468 194.621735 178.607330
  86      "k-oh+ng"   24  203.746750  45.875111  50.720016
  87     "sil-hh+s"   12   22.090227  24.930775  19.301830
  88      "ae-t+oh"   12   77.724884  37.958740  27.164717
  89     "k-ah+sil"   12  244.170822  62.494747  57.883492
  90      "ae-t+uh"   12   38.851444  26.831837  21.069656
  91       "y-r+ea"   24   48.538986  37.597950  49.840031
  92     "t-aa+sil"   11   14.369156  33.701466 307.888947
  93       "k-ae+b"   36  504.729645 135.673904  89.414467
  94       "k-ae+w"   24  336.594513 112.094650  49.214264
  95       "n-ea+r"   12   84.470329  49.460159  20.810038
  96        "n-k+d"   12   28.086933  30.066616  43.928776
  97     "r-ey+sil"   24  356.057800 118.273491  99.444725
  98    "s-aow+sil"   12  161.093536  56.994839  43.396942
  99      "iy-ch+k"   12   60.363441  30.769573  25.298212
 100      "m-ng+ay"   24   47.697193  46.660355 197.265182
 101      "b-ie+ng"   12   60.425781 154.725769  53.892490
 102      "r-oh+ng"   60  173.115677  97.275024  83.975143
 103     "n-uh+sil"   36  270.415863  96.627151  83.199936
 104       "k-ah+r"   12   95.512108  28.102970  16.883463
 105       "s-b+ow"   12   43.251778  48.594364  27.026745
 106   "oum-hh+aow"   11   50.611301 146.880112  45.768307
 107       "t-uh+d"   12   61.284161  33.405708  28.043257
 108    "eh-gn+sil"   12   69.233688  32.206982  27.042820
 109     "ng-ph+aa"   12   45.377430  30.969090  23.332430
 110      "n-ch+ea"   12  136.848419  28.195644  25.899502
 111      "aa-d+ah"   12   38.456791  30.898800  24.748453
 112      "w-ih+hh"   24  248.933884 146.305725  46.650208
 113       "s-s+ah"   36  136.365616 116.129204  94.299828
 114      "oh-b+ch"   12   52.673031  20.639553  19.835402
 115      "n-aak+k"   24  120.449905  79.476166  40.410511
 116     "l-ah+sil"   12  249.727234  46.794350  66.724937
 117      "ng-n+ow"   23   81.096893  51.273739  96.357071
 118     "ow-ng+ph"   12   33.114109  18.385450  17.052256
 119     "aa-r+sil"   12   31.582382  21.028255 157.151093
 120      "hh-s+ie"   12   79.370201  32.511700  19.653999
 121    "gn-ah+sil"   12  267.063629  51.837856  59.059834
 122       "r-uw+k"   12   71.260468  47.275749  30.426674
 123       "r-uw+s"   12   71.801903  52.720966  33.129074
 124       "r-uw+w"   12  147.492477  51.062965  25.119040
 125      "m-kh+ue"   12   87.969452  56.036671  32.754169
 126     "s-ey+sil"   12  160.647095  65.401848  46.987610
 127      "ow-m+kh"   12   45.947994  23.445177  30.833736
 128       "k-t+oa"   12   54.395538  40.266438  33.928535
 129       "k-t+om"   11   12.616707  27.983635  18.725733
 130     "sil-b+aa"   71  177.213959 315.202850 158.568573
 131     "sil-b+ah"   36   95.773193 142.769592  82.179192
 132      "ow-m+ph"   12   25.197086  18.679811  18.263401
 133     "sil-b+ay"   12   26.707851  41.531239  53.849125
 134     "sil-b+ey"   12   44.466885  90.937775 143.026947
 135     "t-ea+sil"   12  251.232452 107.125778  86.208679
 136     "sil-b+oh"   12   31.706120  33.833145  24.332611
 137     "sil-b+ue"   12   29.923380  60.940239  30.420204
 138     "oa-s+sil"   12   17.909262  23.166084  39.750893
 139     "aer-m+ah"   12   64.004440  40.939526  54.242306
 140       "r-ea+b"   24  200.252106 101.353798  63.409462
 141       "r-ea+k"   24  174.920105 111.606834  46.757835
 142       "p-eh+l"   24  262.227112  42.320469 185.637024
 143     "r-iy+sil"   60  1036.612427 315.816406 227.986847
 144       "m-iy+n"   12   48.571453  24.249296  24.931072
 145       "m-iy+t"   12   30.056114  30.932846  31.336987
 146      "n-p+ueh"   12   41.051769  39.502945  57.978302
 147       "b-oh+r"   12   94.844704  25.665955  20.660828
 148      "w-iy+ch"   12   17.236534  32.535522  36.642876
 149       "s-ie+r"   12   37.431969  61.451008  53.017345
 150     "aoh-k+oh"   24   59.609966  51.137871  86.611618
 151     "ah-t+sil"   36   64.831329  48.761215  61.721748
 152     "oh-s+sil"   11   18.480005  15.082580  35.631378
 153       "t-uw+r"   12   24.287271  17.393858  14.483018
 154     "ahx-w+ih"   24   44.673023  40.601849  47.469837
 155    "ng-oa+sil"   12   33.504848  31.835598  54.920265
 156     "sil-s+aa"   60  336.712402 167.046494  90.213287
 157    "sil-s+oeh"   12   78.747757  44.649242 117.255920
 158     "sil-s+ea"   12   85.370407  30.107759  19.672953
 159     "sil-s+iy"   12  101.273026  30.313707  20.352194
 160     "sil-s+ow"   12  141.295761  44.480305  57.647984
 161       "t-ea+c"   12   78.512787  34.265575  42.456146
 162       "t-ea+t"   12  107.851120  51.680393  28.618267
 163       "t-ea+y"   24  182.455231  39.752625  25.349337
 164       "r-eh+l"   12   95.471329  37.635876 109.669022
 165       "r-eh+n"   12   32.636326  43.875572  56.024670
 166       "d-oh+l"   24  139.576523  48.139835  32.225803
 167     "ow-k+sil"   12   17.580557  17.109327  22.820084
 168       "y-b+ah"   12   19.096884  34.936592  26.674540
 169      "iy-n+ea"   12   93.977280  21.377207  25.054274
 170      "eh-n+th"   12   33.151897  23.795965  23.609528
 171       "s-aa+b"   12   31.269028  23.477716  23.801167
 172       "s-aa+n"   36   54.600231  49.433346  52.484150
 173       "s-aa+t"   12   16.136095  13.835074  16.985703
 174     "aa-hh+aa"   12   45.499653 121.820587  73.181465
 175      "l-ng+oa"   12   99.581627  41.331291 327.185822
 176      "t-oe+ng"   24   35.017006  37.381184 131.960434
 177      "oa-ng+s"   12   43.429043  22.529165  20.171913
 178     "aw-y+sil"   12   84.276031  45.703003  30.499929
 179      "l-aer+m"   48  363.845337 154.064606 147.410309
 180      "hh-aa+m"   12   25.437172  18.639545  23.420252
 181      "hh-aa+s"   12   50.555302  29.580601  19.338797
 182     "sil-ie+d"   12   60.565155 150.135773  57.939533
 183       "aw-y+b"   12   30.748753  25.139351  17.994436
 184     "ih-n+sil"   36   80.543205  84.079384  82.688828
 185     "auw-m+oh"   12   49.555313  26.498030  19.570805
 186       "d-om+b"   24   51.434250 199.108566  58.583286
 187       "d-om+l"   24   50.786396 104.927147  68.464569
 188     "om-p+auw"   11   40.511360  32.087116  38.308922
 189    "s-oeh+sil"   12   88.311966  89.380974 300.668671
 190     "aa-gn+ah"   12  106.375664  26.111521  26.194006
 191     "aa-gn+ch"   24  114.987129  57.690128  94.565788
 192       "b-ow+n"   12  166.734360  52.236340  28.156885
 193       "s-ah+b"   12   69.276253  63.444935  28.389107
 194       "s-ah+r"   11  246.123077  43.995247  26.769056
 195       "s-ah+t"   24  155.614883 115.682655  46.478439
 196       "s-ah+y"   36  522.770874  87.369553  72.150764
 197     "sil-k+aa"   24   54.883602  74.792259  63.959911
 198     "sil-k+ae"   12   27.487795  40.163616  62.278736
 199     "sil-k+ah"   12   39.971951  27.987658  40.174362
 200     "sil-k+om"   72  179.580917 201.511383 163.824371
 201      "hh-ah+r"   59  104.733658 123.299553  98.592293
 202      "w-ae+ng"   23  160.407288  55.871407  59.125832
 203     "sil-aa+t"   12   99.161880  30.641314  26.628935
 204     "ue-r+sil"   12   36.104404  23.198542  20.540400
 205       "t-eo+k"   36   89.498222  80.571312  95.966095
 206    "c-aow+sil"   11  159.119156  48.210323  36.254345
 207       "s-iy+d"   12   52.983482  45.979240  34.709198
 208      "ay-s+aa"   12   90.878227  43.912430  29.053558
 209      "ea-k+th"   36  176.697906  48.615677  49.164871
 210      "ay-s+oh"   12  137.391296  46.090508  47.014233
 211       "k-d+ey"   12   44.131973  41.464783 123.172531
 212     "ouh-ch+m"   12   19.714828  38.769863 178.190735
 213      "ph-l+ae"   12   15.574219  18.714928  32.441223
 214       "r-ey+t"   12   76.552124  45.004772  45.512161
 215       "r-ey+w"   23  159.061249  70.815544  62.831890
 216      "d-ow+ng"   12  146.367645  50.395252  31.025696
 217      "oe-ng+t"   24   64.135422  35.547733  35.329231
 218     "r-ah+sil"   12  275.159393  48.895176  53.526752
 219    "oh-ng+sil"   24  244.573669  86.352097  63.562298
 220     "b-ie+sil"   12   72.604782 169.975082 100.183578
 221       "s-t+oe"   24  111.177002  92.756645  51.210148
 222       "s-t+om"   12   43.745731  39.677746  23.055031
 223      "ae-m+ie"   12   61.706627  27.048603  19.025267
 224      "ae-m+iy"   24  115.883209  54.197723  57.154827
 225     "sil-ah+s"   12   50.982498  47.619175  29.857227
 226     "sil-ah+t"   12   25.970943  47.789509  20.801556
 227      "uh-s+aa"   12   72.333542  20.977104  12.332503
 228        "t-k+r"   12   47.885307  31.647701  23.847443
 229       "m-d+aa"   12   45.954494  39.733566  97.515129
 230     "ow-n+sil"   24  182.058014  69.787270  56.078068
 231     "sil-c+ah"   12   71.415833  38.252510  82.005577
 232       "w-ah+y"   36  215.272186  71.855904  50.282402
 233      "r-oa+hh"   12   23.441675  26.891830  69.389282
 234       "s-aw+m"   36  286.373474 170.221390 118.204926
 235       "s-aw+y"   12   41.056301  19.837858  17.921335
 236    "sil-l+eer"   12   81.680847  23.189648  28.996450
 237      "p-oh+ng"  132  260.865356 267.518402 386.220184
 238        "t-p+r"   47  130.546097 117.559334  82.199234
 239     "k-ea+sil"   12  197.296112  90.043053  86.269325
 240       "b-r+aa"   24   50.614632  57.375298  82.520592
 241       "b-r+am"  144  283.510681 413.362305 518.874939
 242       "b-r+ay"   12   30.288025  39.513664 118.189087
 243      "ph-d+ah"   36  124.249504  92.818718  76.471138
 244      "ph-d+am"   11   34.951351  33.208393  72.220253
 245       "b-r+oa"   12   33.549297  38.755703  97.006195
 246       "b-r+oe"   12   23.044346  22.289108  22.244160
 247     "ph-n+aie"   12   28.712317  21.408255  23.204971
 248      "ae-ch+k"   12   83.918816  21.524214  18.500460
 249       "l-oh+b"   12   24.152323  22.384104  38.223244
 250       "t-p+ow"   12   36.956944  33.541042  26.697105
 251     "sil-t+ah"   12   31.175198  37.886482  15.323724
 252     "sil-t+ea"   24   57.971062  70.584503  52.688347
 253     "sil-t+eo"   24   59.158993  38.764244  29.635752
 254     "sil-t+ie"   23   55.177998  63.095387  37.754978
 255     "sil-t+om"   34   80.004219  64.062477  53.695858
 256     "aa-n+aak"   24   64.921043  56.326962  58.726772
 257        "t-s+t"   12   79.403862  16.978687  15.136511
 258        "t-s+w"   12  101.290375  40.187870  16.631485
 259     "s-ah+sil"   24  554.023682  94.968193 129.235031
 260     "uw-k+sil"   12   15.607360  15.628336  22.622648
 261      "p-r+ahx"   60   93.648712 106.199196 209.172394
 262     "ah-m+sil"   24  157.797897  54.485733  65.729179
 263    "aer-m+sil"   24  179.017197  65.606918  70.267982
 264      "s-ch+ea"   12   56.368687  31.473612  26.075268
 265     "ae-b+sil"   36  142.676071  77.725586  63.985901
 266      "p-ueh+w"   12   40.821526  22.685341  29.901535
 267     "n-am+sil"   12  175.847336  81.481956  47.206703
 268       "p-oa+t"   24   64.211029  45.551430  48.385548
 269       "n-oh+s"   11   84.832077  34.060509  22.108438
 270      "ay-ah+t"   12   57.592724  43.957806  26.972031
 271     "s-ie+sil"   12   72.948296 184.069931  92.278450
 272      "oh-l+ah"   12   68.479050  27.037750  47.938614
 273      "n-am+ng"   24  354.156311  80.924637  53.986713
 274      "ay-c+ah"   12   68.035538  44.348488  66.183601
 275      "r-ea+ng"   24  248.182800 104.037880  57.746319
 276    "c-oeh+sil"   24  142.431793 170.848969 431.122284
 277       "ow-m+b"   12   40.800228  23.225365  23.816538
 278     "sil-l+ng"   12   53.271534  33.275833  35.310143
 279     "eo-k+sil"   12   15.864039  23.113764  25.150515
 280     "sil-l+oh"   12   84.300896  22.431492  19.904493
 281      "kh-ue+r"   12  134.559525  27.603798 147.403549
 282       "r-oa+b"   12   39.433102  17.323950  38.803276
 283       "r-oa+l"   60  114.363594 131.146027 138.510300
 284       "r-oa+m"   24   76.846863  42.381676  46.399197
 285       "r-oa+s"   24   45.247261  47.465988  50.736221
 286       "p-oh+t"   12   37.329025  25.201294  15.361642
 287     "oa-b+sil"   24   30.290726  31.240967  47.162472
 288     "ay-n+iyh"   12   77.181366  32.798744  86.976006
 289      "ch-n+am"   36   74.860664  77.977280 153.929749
 290     "oum-ph+y"   12   20.712921  29.333357  44.407722
 291       "r-oe+k"   12   25.069599  20.787849  26.712317
 292     "ih-t+sil"   24   71.711388 175.238083  83.069214
 293      "am-m+ue"   24  101.205986  39.978279  49.550804
 294       "ow-t+s"   24   36.833141  34.322556  80.129128
 295      "om-p+aa"   34  128.330994 118.772217 297.058441
 296      "om-p+oa"   24   93.063721  81.205315 329.649689
 297      "om-p+oh"  132  493.534241 446.406982 427.560211
 298        "m-b+r"   12   59.283031  29.134787  22.912123
 299       "k-th+l"   36  117.012634 104.387329  81.768364
 300   "ch-eer+sil"   12  252.334747  70.384735  45.851070
 301       "n-ow+m"   47  389.067963 150.449677 112.852730
 302    "aa-ng+sil"   24  207.986542  61.116726  78.130661
 303   "sil-hh+aow"   12   85.314743 150.126740  53.393230
 304       "b-b+ue"   12   48.223198  30.000629  26.858818
 305     "sil-d+aa"  132  470.277466 362.314087 471.800232
 306     "sil-d+om"   24   76.206207  48.310810  35.368889
 307      "ah-r+ah"   12   21.141956  23.669641  30.674673
 308      "ah-r+ey"   12   29.000364  32.085983  39.125587
 309      "ah-r+iy"   59  134.707474 109.531311 100.807053
 310      "k-d+aoh"   12   38.259777  47.885616 111.081154
 311      "k-d+aow"   12   55.697681  40.663212 150.952271
 312     "p-ey+sil"   12  158.686447  65.050102  38.755604
 313       "t-oh+l"   12   58.525913  25.027044  26.266249
 314       "t-oh+n"   12   37.933029  16.541430  26.356823
 315      "ie-r+ow"   12   38.678806  35.517857  80.570580
 316      "gn-c+iy"   12   46.432606  25.729935  35.209164
 317     "ch-m+ueh"   24   53.513485  30.398308  31.139406
 318       "p-ow+t"   36  278.802887 143.251831  74.428848
 319     "eh-l+sil"   36   93.938171  71.319031 115.436584
 320      "th-aa+y"   12   94.355789  26.049240  23.940546
 321      "ay-l+ih"   36  151.587082 102.634460 289.480988
 322    "oh-kh+sil"   12   12.885372  13.333569  19.051704
 323     "aak-n+uh"   36  145.520203  89.283913 134.752472
 324      "r-d+aer"   12   40.505222  33.740463  28.639463
 325    "hh-ah+sil"   12  213.604477  50.999062  51.032394
 326       "t-om+p"   34   72.530998 218.577133 191.492661
 327       "t-om+r"   23   48.932148 132.248322  51.895527
 328    "ie-ng+sil"   12   96.298874  32.304462  28.681707
 329     "m-ph+aak"   12   68.364426  60.013512  49.135830
 330       "r-ow+k"   12  112.487358  40.913429  24.710457
 331       "r-ow+m"   12   32.526417  26.050388  24.626810
 332     "ow-t+sil"   12   24.601683  15.818446  29.981903
 333       "k-n+ow"   24  115.593651  54.071045  77.163025
 334     "ey-y+sil"   12   25.377222  28.087412  31.946115
 335      "k-aoh+k"   24  155.744720  90.576111 161.409271
 336      "ae-uh+s"   12  110.227196  31.218130  25.336279
 337          "sil" 4646  60319.593750 56422.660156 12259.350586
 338     "ea-b+sil"   24   54.544449  40.853172  50.899567
 339      "oh-m+ph"   12   56.846478  23.005177  24.212389
 340      "ae-w+iy"   12   61.291740  21.007639  14.070338
 341     "sil-kh+s"   12   34.472954  19.254831  19.905922
 342       "n-r+ow"   12   71.755898  32.534027  63.794338
 343     "p-iy+sil"   48  1011.653442 261.341309 194.138123
 344     "ue-n+sil"   48  174.001541 126.696358 113.025917
 345     "sil-m+oa"   71  146.481033 171.573395 111.073425
 346     "sil-m+ph"   12   25.784781  75.878357  31.214855
 347     "sil-m+ue"   12   45.622944  38.662792  25.297403
 348       "b-aa+n"   59   93.689102  88.460060  95.103493
 349      "um-p+ie"   24   75.168297  82.718307  60.805931
 350       "p-r+ey"   23   37.718155  56.499748  78.991997
 351       "p-r+oa"   36   71.165726  93.560440 375.946564
 352      "uh-d+ah"   24   85.133331  83.152000 140.201477
 353       "k-ue+t"   12  138.282333  55.511662  24.741470
 354      "ph-n+um"   24   48.780148  42.398602  90.980049
 355      "ch-ea+m"   24  235.591858 112.793190  64.632408
 356       "d-aa+b"  132  311.190186 255.242996 230.168442
 357       "b-ah+k"   12   25.239193  23.953173  15.237988
 358       "b-ah+r"   12   35.474678  21.860079  21.615181
 359       "b-ah+t"   36  232.063828  99.351723  70.569443
 360      "ow-ng+m"   12   28.482807  22.597086  38.298176
 361      "k-aow+s"   12   68.057961  41.425854  26.360119
 362     "ph-aa+ae"   24   39.772484  51.751774  95.172203
 363     "sil-ch+k"   12   42.184788  17.986036  14.881557
 364     "sil-ch+n"   12  120.825439  37.442604  26.345627
 365      "b-oeh+d"   12   84.123184  20.967867  25.766104
 366      "s-iy+hh"   36  121.432594  74.250893  58.910255
 367       "y-m+ea"   24   58.017471  44.522282  48.436390
 368       "d-ae+k"   24  104.854774  93.706490  80.838013
 369       "m-ue+y"   60  920.303589 339.277740 410.907471
 370    "ph-ey+sil"   12  171.226990  73.233749  38.685493
 371     "oa-hh+aa"   12   43.076035  69.297905  54.416763
 372     "oa-hh+ah"   59  199.078110 475.277863 103.049332
 373      "ah-s+aa"   12  105.009254  36.339634  58.405315
 374      "ah-s+eh"   12  131.848633  33.476837  32.162251
 375     "iy-k+sil"   12   17.085859  19.416063  23.610394
 376       "d-ah+l"   24  527.944031 117.641792  44.260136
 377       "d-ah+r"   24   81.975624  47.242153  28.023119
 378       "d-ah+s"   36  105.538139 115.583176 108.671181
 379      "ie-s+ah"   12  135.079376  37.561287  26.120182
 380     "kh-ae+uh"   12   71.170364  30.446054  29.386656
 381     "n-uw+sil"   12  167.625977  66.561073  39.718510
 382     "sil-th+n"   11   57.261955  31.658693  24.188520
 383      "ay-m+ue"   12   74.807205  22.349817  22.720016
 384    "c-uek+sil"   11  129.172379  44.569347 154.888260
 385       "t-r+aa"   12   22.093580  29.292833  36.522709
 386       "t-r+ae"   24   40.451321  54.865471 108.292046
 387     "ay-aa+ng"   12   36.529007  28.942057  36.284397
 388       "t-r+ey"   24   50.932865  72.640854 272.968597
 389     "hh-aak+n"   36   82.668350  75.809227 121.922791
 390      "sil-b+r"  120  282.092224 214.955017 205.380325
 391      "sil-c+r"   12   64.649826  36.736176  17.584656
 392       "d-am+s"   11   53.013470  90.386032  37.043594
 393      "k-aa+gn"   24   63.467602  55.930626  63.855110
 394      "oa-b+ie"   12   61.123001  51.095146  33.604443
 395      "aa-ng+k"   24   90.986946  41.342396  43.108158
 396      "aa-ng+n"   23   39.783791  35.626324  75.388260
 397      "aa-ng+t"   12   52.705009  24.785645  24.495037
 398       "c-ey+y"   12  101.968193  41.149158  30.790691
 399   "hh-aow+sil"   23  275.982422  97.090240  75.069565
 400     "ea-r+sil"   24   44.038902  28.828049  84.754471
 401       "ay-p+r"   12   48.547325  26.270889  18.032608
 402       "b-ay+l"   36  198.967697 205.892334 119.965561
 403     "ae-k+sil"   18   31.937891  21.222130  28.576979
 404      "ah-k+ae"   24  170.233856  64.347244  79.687050
 405     "am-c+uek"   11   77.408264  33.065525  30.600515
 406      "r-aa+hh"   12   24.262348  27.095709  65.687279
 407      "r-aa+ng"   23   53.047672  32.170902  38.342384
 408      "oh-n+ah"   12   80.292763  25.933586  24.049488
 409      "sil-k+r"  155  366.259094 430.614258 361.408661
 410      "oa-s+ah"   12  124.905464  40.248203  30.860783
 411       "n-s+aa"    6   29.975281  14.830913  11.866487
 412    "sil-k+aoh"   12   31.415405  37.065502  62.587952
 413    "sil-k+aow"   12   34.687130  31.340649  75.974541
 414     "ow-m+sil"   23  128.371170  51.360706  62.398754
 415      "sil-m+d"   12   28.189558  49.754089  24.053776
 416     "oh-ng+ch"   24  117.323273  47.083336  50.611134
 417      "sil-m+s"   36   65.298836 161.887344  80.174728
 418     "oh-ng+ph"   12   53.915310  22.087238  19.212566
 419       "l-ih+n"   36  113.852005 273.120880  93.637665
 420     "sil-n+ea"   12   60.188751  26.288237  24.143606
 421      "sil-p+r"   48  135.882294 119.520897  80.412117
 422       "m-ea+n"   60  252.657837 143.381729 111.230171
 423       "l-k+ih"   24   40.671890  66.355247  57.669495
 424       "s-ue+t"   24  222.891968  93.902596  38.336250
 425    "aar-n+sil"   12   91.178291  28.817097  29.061636
 426       "r-b+aa"   12   16.217793  22.258408  20.747440
 427      "sil-s+r"   12  117.280083  32.813210  23.281588
 428      "sil-s+t"   12   78.277229  15.022914  16.881817
 429      "sil-s+w"   24  281.562408  75.177238  38.305725
 430    "d-aoh+sil"   12   76.555534  73.511841  59.316486
 431      "sil-t+r"   12   30.998501  62.770638  19.661619
 432      "ng-ph+n"   12   43.483776  48.740200  60.632076
 433     "ah-l+sil"   24   28.520374  31.035475  75.621078
 434      "om-r+aa"   23   80.390450  85.800255 152.579376
 435      "m-aak+r"   12   60.025677  49.355453  30.616751
 436       "s-w+ah"   36  150.998840 145.587570 173.742493
 437      "m-ph+aa"   12   44.626614  15.293961  21.644197
 438      "m-ph+ey"   12   93.927734  98.557411 139.112122
 439    "ow-ng+sil"   12   62.334419  28.455891  22.582773
 440       "b-d+ah"   12   72.156281  36.769264  25.391674
 441     "oh-k+sil"   12   14.087232  14.520731  57.769161
 442     "ue-t+sil"   36   66.765312  52.890957  76.364967
 443     "p-eu+sil"   24  200.741241 105.693993 305.683289
 444       "t-b+aa"   12   28.301313  36.317474  22.676189
 445       "t-b+ah"   12   34.145042  49.539722  32.879589
 446       "t-b+ay"   12   56.264900  34.317436  52.565174
 447    "sil-k+oum"   23   60.305176  73.518929  66.498314
 448     "uw-w+sil"   12   16.946392  15.119754  23.876455
 449     "ey-hh+ah"   12   53.587029  51.572426  33.943027
 450    "sil-kh+ae"  443  2127.480713 2164.126221 1485.961304
 451    "sil-kh+ah"    6   31.563929  30.560183  19.996717
 452     "ah-y+sil"   36  311.169617 117.415802  94.351891
 453      "ah-t+ih"   24  103.507355 151.610306  51.147766
 454      "ey-t+uw"   12   42.318062  41.764465  19.170708
 455     "ow-c+sil"   12   23.743969  19.258841  25.899986
 456      "ie-t+ah"   11   78.600868  38.887180  16.803411
 457      "m-aar+n"   12  172.665634 152.518173 329.325531
 458    "ng-ay+sil"   24  142.099350 282.161743 144.768646
 459     "sil-uh+d"   12   68.937057  27.430031  44.892200
 460       "iy-k+d"   12   25.772039  15.791522  22.104824
 461       "iy-k+s"   24   43.578430  55.022049  53.979588
 462       "iy-k+t"   11   33.889217  15.276754  13.940989
 463    "p-auw+sil"   11  118.768036 129.476578  84.126610
 464       "eo-k+n"   24   57.882862  38.941914  47.091118
 465       "t-s+ah"   24  132.364639  79.813126  55.236515
 466       "t-s+ea"   12   96.689995  34.543259  18.108257
 467       "p-aa+r"   34  111.894730  52.739399  35.635937
 468       "p-aa+t"   12   57.332790  17.968208  14.543822
 469      "d-aer+m"   12  167.589783  42.036270  39.887817
 470     "oeh-d+ow"   12   59.600376  43.011028  57.287590
 471       "ae-k+d"   12   57.579533  17.575018  18.235159
 472       "ae-k+s"   12   22.769798  16.219784  28.519323
 473     "aa-m+oeh"   12   78.669945  68.865593  43.885044
 474       "n-c+ah"   12   77.130516  44.826710  70.221321
 475       "n-c+ey"   48  301.548096 154.741623 475.659454
 476     "aa-c+aow"   11   77.163223  45.325802 156.413330
 477     "eer-s+ch"   12   45.023636  15.543962  26.303131
 478       "s-ea+m"   24   81.859413  64.914818  53.585922
 479     "ah-b+sil"   12   16.897240  13.887451  25.146475
 480      "uh-n+ch"   12   81.130783  27.249218  30.808037
 481      "t-auw+m"   12   61.461079  69.995659  53.084206
 482       "n-am+c"   11   42.355835  81.050163  66.538010
 483     "aa-m+sil"   12   85.370392  29.686888  27.321293
 484       "t-ie+t"   11   23.754889  33.011127  39.412910
 485      "hh-ea+r"   24   54.709320  54.937378  91.987114
 486    "n-iyh+sil"   12   87.399658  69.187294 192.188034
 487       "r-aa+c"   35   93.881660 117.155067 171.412537
 488       "r-aa+k"   12   35.147678  31.100185  45.768753
 489       "r-aa+m"   12   33.097778  23.987444  44.274223
 490       "r-aa+s"   12   32.351788  25.856987  22.217543
 491       "r-aa+t"   24   59.888840  41.458954  45.641331
 492      "ch-oa+b"   24   69.635681  48.222363  65.081421
 493      "r-ahx+s"   36   86.351868  60.262547  94.195526
 494      "r-ahx+w"   24  146.900253 121.570595 155.887894
 495    "ie-gn+sil"   24  231.327881  80.353264  54.450989
 496       "t-ih+t"   24   40.401245  33.604286  43.981720
 497       "n-t+aa"   23  139.041916  63.496990  38.206154
 498       "n-t+ea"   24  117.642464  74.925819  48.690922
 499       "ae-t+b"   36  131.214005  58.110661  50.922024
 500       "ae-t+k"  120  310.146210 177.407700 199.709595
 501       "ae-t+m"   12   42.947865  15.723713  15.354090
 502       "ae-t+n"   12   75.197624  43.853352  57.256783
 503       "ae-t+p"   47  305.042389  55.011494 101.239937
 504       "ae-t+r"   12   31.127417  24.608080  18.727360
 505       "ae-t+s"   36   98.164879  65.593201  60.568016
 506       "ae-t+t"   12   61.805355  23.047958  16.317410
 507     "ea-k+sil"   12   18.779346  19.692184  22.593496
 508     "t-um+sil"   24  268.375336  80.614944  67.264183
 509       "s-eh+l"   36  242.976044 132.011978 123.215103
 510       "s-eh+t"   12   31.695789  29.591673  19.666389
 511       "b-m+ue"   12   47.868439  22.132935  24.327732
 512       "t-k+aa"   12   37.741146  21.385597  28.913336
 513       "t-k+ae"   12   69.848557  26.912298  44.040924
 514     "ahx-s+iy"   36  253.431580 130.659927 118.609001
 515    "ea-ng+sil"   36  341.113495 103.747841  83.555603
 516       "t-k+om"   72  204.271912 170.513229 138.785828
 517     "th-l+aer"   48   92.963974  66.911728  97.249519
 518     "m-iy+sil"   12  241.205673  66.860664  40.925049
 519     "oh-n+sil"   10  113.270668  36.605202  35.636471
 520      "om-b+aa"   24   50.301399  55.874882  34.181557
 521       "t-aa+b"   12   59.685246  16.813782 138.815323
 522       "t-aa+n"   24   40.207726  33.149834  33.549385
 523       "r-ah+s"   12   82.009758  40.207626  26.892900
 524      "ng-b+ay"   12   38.388714  38.989609  54.755150
 525      "y-b+oeh"   12   20.897837  26.561083  31.698441
 526      "t-k+aoh"   12   49.308456  32.558685  53.755989
 527     "aa-c+oeh"   24  165.647568  79.764755 196.253799
 528      "t-oa+ng"   12   68.243843  31.685144  23.572115
 529     "r-am+sil"   24  241.991608 181.653717  99.315506
 530      "am-p+eh"   24   83.606506  80.439766  79.477776
 531       "w-ea+n"   12  104.629219  53.483047  28.888985
 532      "am-p+iy"   24   82.669037  77.201042  75.581818
 533      "s-ey+hh"   12   83.463982  48.967941  41.859982
 534       "r-iy+k"   59  176.804916 236.029388 160.920166
 535       "r-am+b"   48  159.334091 219.852509 202.488815
 536       "r-am+m"   24   40.431854  39.444565  81.286179
 537       "r-am+p"   48  156.720474 242.654572 362.565582
 538      "aa-ow+c"   12  115.764641  57.321838  32.812012
 539       "b-ch+m"   12  159.234283  76.745789 186.239487
 540       "t-ah+k"   24   60.198521  68.615173  53.245564
 541       "t-ah+n"   11   15.083571  13.048902  17.126005
 542      "ng-s+aw"   36  270.592041 128.536758 492.752808
 543      "oa-l+ea"   60  160.984955  98.166718  91.943672
 544       "n-l+ae"   12   28.724989  24.462107  40.677654
 545      "ng-s+ue"   12  109.264290  36.859463  35.077904
 546        "y-k+r"   12   34.322189  35.031849  39.808128
 547     "ng-ay+aa"   12   44.178898  28.005013  22.742729
 548     "ng-ay+ah"   12   47.108383  22.704149  20.015640
 549       "ng-p+r"   12   40.825142  20.766283  13.980261
 550       "ah-k+s"   12   23.955008  14.592111  20.055462
 551      "aa-gn+c"   24  120.554382  67.225868 135.248856
 552     "c-ey+sil"   36  402.278076 206.718079 156.428482
 553        "b-b+r"   72  163.821823 148.224411 121.140579
 554       "y-uw+t"   12   17.061401  17.036419  17.024973
 555    "m-oeh+sil"   12  127.414185  96.850365 202.777695
 556     "aa-ph+ea"   12   85.083916  61.698063  45.196651
 557       "ng-s+p"   24  178.385315  54.375202  91.365295
 558       "ah-n+s"    6   23.317692  13.633415  12.892464
 559       "ng-t+r"   24  107.230675  85.599258  42.192867
 560      "th-n+am"   11   18.520725  18.604282  49.195168
 561      "p-ie+gn"   24   74.145782  68.221535 137.165527
 562      "aer-m+b"   12   64.997581  25.486118  19.681952
 563      "aer-m+s"   12   58.310959  30.111225  26.829432
 564       "r-aw+y"   12   64.822388  21.871700  31.604666
 565       "ah-r+m"   24   26.602539  26.224415  30.604052
 566       "ah-s+s"   36  163.027451  72.885246  94.701385
 567       "t-t+ah"   12   38.220627  31.891916  16.425461
 568       "ah-t+d"   24   64.581734  24.087368  41.600037
 569     "ah-r+sil"   11   13.743194  13.989861  24.349333
 570     "ea-n+sil"   24  208.045013  80.293221  62.191978
 571   "ph-aak+sil"   12   60.011696  31.318399 117.621300
 572       "s-p+eu"   24   76.608467  90.167076 407.719666
 573       "m-oa+n"   24   53.984051  30.580004  37.260574
 574       "k-oh+m"   12   20.511086  18.604334  17.727520
 575      "ng-k+aa"   12   66.119461  31.876043  18.175728
 576      "ng-k+ae"   12   70.978058  34.757317  34.012550
 577      "ng-k+ea"   12   59.486629  45.063709  36.937477
 578       "n-d+ae"   24   52.400002  63.543903  56.171047
 579       "n-d+ah"   24   68.999512  65.225723  57.924831
 580    "iy-hh+aak"   36   98.772263  67.240906  58.461720
 581      "ng-k+om"   12   24.971411  27.010302  23.931435
 582       "n-d+oh"   24   65.639999  75.052292 136.386353
 583    "ae-ch+eer"   12  157.227997  36.946411  60.855648
 584     "d-ey+sil"   12  173.055298  70.519623  55.574692
 585      "aie-k+k"   12   29.978624  21.903963  38.296963
 586      "oh-ng+b"   12   79.636505  29.614878  38.446346
 587      "oh-ng+c"   24  146.649475  69.391228  78.830521
 588      "oh-ng+k"   24  142.730759  50.661224  26.576277
 589      "oh-ng+p"   12   58.033344  22.709194  17.270464
 590      "oh-ng+s"   60  260.324432 134.523987 146.232681
 591      "oh-ng+t"   24   71.752037  47.561893 142.924133
 592    "ae-ng+sil"   47  375.303040 131.216110 126.190964
 593       "ah-y+b"   12   28.385695  19.909897  15.806504
 594       "ah-y+r"   24   39.064392  32.110359  34.822712
 595     "c-iy+sil"   12  232.040695  67.503105  55.747463
 596      "l-ow+ng"   24  104.091339  78.284485  46.841957
 597      "ph-y+uw"   12   28.785627  27.245811  23.263720
 598       "eh-l+m"   36   83.964523  98.979370  81.163681
 599     "ay-s+aow"   12  131.734390  45.910465 177.184799
 600     "m-ah+sil"   12  320.797760  51.520264  65.366470
 601       "k-om+p"  156  418.898010 1022.027100 802.593872
 602       "c-r+eh"   12   24.695520  20.014626  32.638805
 603       "c-r+uw"   12   31.037279  31.237894  34.918011
 604    "ah-gn+sil"   12  134.486984  36.834297  26.267477
 605       "m-oh+n"   10   81.097649  19.847288  17.348856
 606     "aow-s+uw"   12  125.831421  43.496601  50.430801
 607     "sil-p+aa"   12   39.165329  43.751595  82.397980
 608    "sil-t+auw"   12   29.758900  39.001965  17.844999
 609     "sil-p+iy"   12   32.519989  45.348522  47.622421
 610     "sil-p+ow"   24   75.230553  76.020988  76.205452
 611      "ng-c+ah"   24  147.347412  79.114159 216.539124
 612       "l-m+eh"   12   26.512253  19.086464  13.797913
 613       "l-m+ng"   24   76.768456  33.436363  32.708786
 614      "c-ah+gn"   12   68.812675  30.683676  32.809643
 615     "aa-s+sil"   24   55.712811  35.024323  83.104958
 616       "oe-k+s"   12   23.506611  17.104126  20.423540
 617     "n-ah+sil"   12  252.335449  46.603920  63.016209
 618    "m-ueh+sil"   24   54.579594  92.618919 250.213577
 619       "aa-b+b"   84  337.317322  93.969482  95.562561
 620       "aa-b+d"   12   66.936684  27.763304  27.526274
 621       "aa-b+m"   12   36.591209  17.582272  20.669830
 622       "aa-b+p"   24  213.316269  89.491730  54.512196
 623     "oa-t+sil"   24   47.199005  37.368256  40.708969
 624     "r-ow+sil"   12  190.776718  43.348202  67.191040
 625      "uw-r+oa"   12   19.116400  16.369699  15.946314
 626     "uw-s+sil"   12   18.692236  16.762472  32.425781
 627      "ng-t+ea"   12   65.493240  41.587288  23.876360
 628    "ph-ea+sil"   12  209.674545  74.627052  83.594231
 629      "ng-t+um"   24   37.108551 100.288383  56.888542
 630    "sil-aa+ng"   12   58.850132  21.608685  52.375313
 631       "b-ue+n"   48  685.510193 292.983521 343.345490
 632       "t-d+om"   24   54.741623  47.582588  39.434597
 633      "s-ea+ng"   12  129.171371  59.767464  35.292793
 634     "oh-t+sil"   12   20.683983  23.396883  27.688522
 635     "aw-m+sil"   36   72.936775  58.392387  89.941666
 636     "ae-m+aak"   12   55.477627  32.628212  24.755571
 637    "sil-th+aa"   12   61.503647  37.484726  32.489399
 638    "kh-ae+sil"   12  312.687500  52.861568  58.678360
 639    "sil-th+ng"  120  647.626831 394.190460 347.950317
 640      "ng-ay+c"   12   52.936588  53.470554  91.086555
 641      "ng-ay+m"   12   63.457802  47.762032  23.865705
 642      "ng-ay+n"   12   65.143257  48.496460  25.271528
 643      "ng-ay+p"   24   97.168381  91.928635 192.389267
 644      "ng-ay+s"   36  148.975159 154.479202  89.567802
 645     "aak-r+ah"   12  114.225525  33.129654  39.799282
 646      "ay-p+oh"   12   41.219296  42.193218  47.883579
 647     "ae-w+sil"   24  159.984665  57.282673 106.819580
 648       "s-oh+k"   12   47.270756  24.642399  15.238215
 649     "c-ah+sil"   12  187.366180  49.628178  54.860153
 650      "kh-s+aw"   12   97.467667  46.727570  81.782936
 651     "k-oum+hh"   11   51.371815  95.341202 124.206108
 652     "k-oum+ph"   12   58.917511 109.883003  49.766788
 653       "aa-n+d"   48  201.216843  66.758446  85.058540
 654       "aa-n+l"   12   66.904381  21.583122  29.991611
 655       "aa-n+r"   12   61.215034  29.480064  38.921219
 656       "aa-n+t"   47  192.793274 106.836021  85.125694
 657      "om-l+ow"   24  135.884216  54.430710  72.565567
 658       "ea-c+t"   12   27.696457  14.203753  16.945980
 659     "ie-d+sil"   12   18.820406  17.292768  20.637936
 660       "aa-r+b"   12   13.785449  13.306158  12.161068
 661       "aa-r+d"   12   14.752041  17.161777  15.966200
 662       "aa-r+m"   10   14.144672  12.964991  21.779835
 663      "iy-t+oh"   12   38.674671  56.865005  24.254293
 664       "r-m+ea"   24   59.382824  43.570114  49.316189
 665       "r-m+oh"   10   18.748154  17.413261  21.254705
 666       "k-r+aa"   47  115.818619  88.938133 154.191895
 667       "k-r+aw"   12   38.106064  38.223099 159.205902
 668       "k-r+eh"   12   33.596634  23.650579  25.104465
 669      "d-aa+ng"   12   31.823767  19.754101  28.738106
 670       "k-r+oh"   60  163.998993 169.056641 150.527115
 671       "k-r+ue"   12   36.387814  22.663624  24.498367
 672       "k-r+uh"   48  135.886902 108.647148 167.666138
 673       "k-r+uw"   12   44.389950  37.829845  36.757042
 674       "aa-t+m"   12   14.557405  33.511097  25.297514
 675       "aa-t+p"   12  118.722992  12.104117  25.422798
 676       "aa-t+r"   12   96.448570  47.984486  17.270630
 677       "n-th+l"   12   63.448605  36.141964  33.152256
 678      "ah-n+oh"   11   77.695183  35.284260  64.864182
 679      "m-oh+kh"   12   88.337540  25.585468  16.395706
 680       "oh-l+k"   24   25.477879  28.797834  25.950937
 681      "l-ae+ch"   12   66.455902  43.784149  45.848454
 682       "ea-k+r"   12   24.399944  19.440351  32.740662
 683       "ea-k+s"   12   26.649416  14.227378  20.442480
 684       "ea-k+t"   12   39.836658  14.887986  16.127989
 685       "aa-y+k"   12   26.168180  23.397507  31.985300
 686     "d-ah+sil"   36  793.876160 161.690308 167.065643
 687       "t-m+ea"   12   87.391823  28.411865  29.878933
 688       "t-m+oa"   12   25.660013  26.682346  14.635765
 689       "m-r+ea"   24   63.174236  43.695354  51.574654
 690     "ea-t+sil"   12   21.596968  24.986704  29.783195
 691      "ih-r+iy"   48  198.329834  89.066772 154.838760
 692       "ea-m+r"   24  151.468384  84.041695  39.151943
 693       "s-ow+n"   12  141.978928  54.431671  51.983917
 694       "ea-n+c"   48  227.029892 135.056763 153.071548
 695     "ae-m+sil"   24  177.546814  67.437607  69.611740
 696     "sil-om+p"   11   79.170883  97.114075  95.363640
 697     "t-er+sil"   12  237.719055  83.240868 103.701530
 698       "gn-c+r"   12   81.027031  35.944733  16.798389
 699       "ue-s+t"   12   17.536169  13.944152  16.520002
 700    "sil-m+aar"   12   52.903278  43.273613  27.344351
 701     "eh-t+sil"   12   23.201740  19.688530  19.737867
 702     "gn-ch+aa"   12   49.469112  54.156895 123.200363
 703      "kh-ae+k"   36  231.987228 100.106010  82.058762
 704      "kh-ae+m"   48  341.024963 131.944122  90.440346
 705      "kh-ae+s"   12   95.291214  37.362793  35.409958
 706      "kh-ae+t"  311  1468.649536 884.833496 746.923889
 707      "kh-ae+w"   12   79.732574  30.150385  24.435938
 708     "gn-ch+oa"   12  108.777382  40.246456  46.072792
 709      "aa-k+aa"   12   49.346062  22.956648  24.948257
 710      "aa-k+am"   12   84.915787  25.990700  44.731438
 711      "kh-ah+n"    6   23.935905  16.679886   9.765595
 712      "k-am+ng"   12  247.312515  44.488293  17.665314
 713      "ae-s+ey"   12   91.956795  38.304443  34.045959
 714      "l-eer+s"   12   36.519264  50.545330  92.310181
 715     "s-uw+sil"   12  218.228348  62.536827  42.572628
 716     "t-ie+sil"   12   65.960175 244.984680  84.419296
 717      "m-eh+gn"   12   24.801353  35.463371  58.650906
